<?xml version="1.0" encoding="UTF-8"?>
<!-- Generated by org.testng.reporters.JUnitReportReporter -->
<testsuite hostname="LAPTOP-7O9CLJ20" failures="0" tests="1" name="tests.LoginAutomate" time="3.459" errors="0" timestamp="2022-01-31T08:13:52 EST" skipped="0">
  <testcase classname="tests.LoginAutomate" name="tradeLogin" time="3.459"/>
  <system-out/>
</testsuite> <!-- tests.LoginAutomate -->
