<?xml version="1.0" encoding="UTF-8"?>
<!-- Generated by org.testng.reporters.JUnitReportReporter -->
<testsuite hostname="LAPTOP-7O9CLJ20" failures="0" tests="1" name="tests.SearchBarFunction" time="3.011" errors="0" timestamp="2022-02-03T06:31:28 EST" skipped="0">
  <testcase classname="tests.SearchBarFunction" name="SearchingWithNoRecords" time="3.011"/>
  <system-out/>
</testsuite> <!-- tests.SearchBarFunction -->
